\BOOKMARK [0][-]{chapter.1}{Introduction}{}% 1
\BOOKMARK [1][-]{section.1.1}{Natural Variability}{chapter.1}% 2
\BOOKMARK [2][-]{subsection.1.1.1}{What is Natural Variability?}{section.1.1}% 3
\BOOKMARK [2][-]{subsection.1.1.2}{Why is natural variability important? }{section.1.1}% 4
\BOOKMARK [2][-]{subsection.1.1.3}{Challenges quantifying natural variability?}{section.1.1}% 5
\BOOKMARK [1][-]{section.1.2}{Background}{chapter.1}% 6
\BOOKMARK [2][-]{subsection.1.2.1}{Surface Mixed Layer}{section.1.2}% 7
\BOOKMARK [2][-]{subsection.1.2.2}{Ocean Circulation }{section.1.2}% 8
\BOOKMARK [2][-]{subsection.1.2.3}{High latitude atmospheric circulation and the impact on the ocean. }{section.1.2}% 9
\BOOKMARK [2][-]{subsection.1.2.4}{Ocean Biogeochemistry}{section.1.2}% 10
\BOOKMARK [1][-]{section.1.3}{Overview and Aims}{chapter.1}% 11
\BOOKMARK [0][-]{chapter.2}{Recent trends and natural variability}{}% 12
\BOOKMARK [1][-]{section.2.1}{Overview and aims}{chapter.2}% 13
\BOOKMARK [1][-]{section.2.2}{Methods}{chapter.2}% 14
\BOOKMARK [1][-]{section.2.3}{Results \046 Discussion}{chapter.2}% 15
\BOOKMARK [2][-]{subsection.2.3.1}{Natural Variability}{section.2.3}% 16
\BOOKMARK [2][-]{subsection.2.3.2}{Observed trends}{section.2.3}% 17
\BOOKMARK [2][-]{subsection.2.3.3}{Model historical trends}{section.2.3}% 18
\BOOKMARK [1][-]{section.2.4}{Conclusions}{chapter.2}% 19
\BOOKMARK [0][-]{chapter.3}{Ocean heat and carbon variability}{}% 20
\BOOKMARK [1][-]{section.3.1}{Introduction}{chapter.3}% 21
\BOOKMARK [1][-]{section.3.2}{Methods}{chapter.3}% 22
\BOOKMARK [2][-]{subsection.3.2.1}{Model and Simulation Descriptions}{section.3.2}% 23
\BOOKMARK [2][-]{subsection.3.2.2}{Heat and Carbon Content}{section.3.2}% 24
\BOOKMARK [2][-]{subsection.3.2.3}{Surface Heat Flux}{section.3.2}% 25
\BOOKMARK [2][-]{subsection.3.2.4}{Southern Ocean}{section.3.2}% 26
\BOOKMARK [1][-]{section.3.3}{Temporal and Spatial Variations in Heat and Carbon Content}{chapter.3}% 27
\BOOKMARK [2][-]{subsection.3.3.1}{Weddell Sea Convection}{section.3.3}% 28
\BOOKMARK [2][-]{subsection.3.3.2}{Global Heat and Carbon Variability}{section.3.3}% 29
\BOOKMARK [2][-]{subsection.3.3.3}{Regional Heat and Carbon Variability}{section.3.3}% 30
\BOOKMARK [1][-]{section.3.4}{Mechanisms Driving Variability}{chapter.3}% 31
\BOOKMARK [2][-]{subsection.3.4.1}{Heat Content Variability}{section.3.4}% 32
\BOOKMARK [2][-]{subsection.3.4.2}{Carbon Content Variability}{section.3.4}% 33
\BOOKMARK [1][-]{section.3.5}{Conclusions}{chapter.3}% 34
\BOOKMARK [0][-]{chapter.4}{Relationship between age and oxygen}{}% 35
\BOOKMARK [1][-]{section.4.1}{Abstract}{chapter.4}% 36
\BOOKMARK [1][-]{section.4.2}{Introduction}{chapter.4}% 37
\BOOKMARK [1][-]{section.4.3}{Methods}{chapter.4}% 38
\BOOKMARK [2][-]{subsection.4.3.1}{Line W Observational Data}{section.4.3}% 39
\BOOKMARK [3][-]{subsubsection.4.3.1.1}{Data Collection}{subsection.4.3.1}% 40
\BOOKMARK [3][-]{subsubsection.4.3.1.2}{Data Processing}{subsection.4.3.1}% 41
\BOOKMARK [3][-]{subsubsection.4.3.1.3}{Mean Age Calculation}{subsection.4.3.1}% 42
\BOOKMARK [2][-]{subsection.4.3.2}{Model Data}{section.4.3}% 43
\BOOKMARK [1][-]{section.4.4}{Results}{chapter.4}% 44
\BOOKMARK [2][-]{subsection.4.4.1}{Age and Oxygen Relationship}{section.4.4}% 45
\BOOKMARK [2][-]{subsection.4.4.2}{Age and Oxygen/AOU Scatterplots}{section.4.4}% 46
\BOOKMARK [2][-]{subsection.4.4.3}{Mechanisms Driving Age and Oxygen Variability}{section.4.4}% 47
\BOOKMARK [3][-]{subsubsection.4.4.3.1}{Horizontal Extent of Anomalous Correlation}{subsection.4.4.3}% 48
\BOOKMARK [3][-]{subsubsection.4.4.3.2}{Line W versus Line 40N}{subsection.4.4.3}% 49
\BOOKMARK [1][-]{section.4.5}{Conclusions}{chapter.4}% 50
\BOOKMARK [0][-]{figure.caption.27}{Bibliography}{}% 51
